<?xml version="1.0" encoding="UTF-8" ?>
<testsuite failures="0" time="0" errors="0" skipped="0" tests="10" name="RandomizedQueueTest">
  <properties>
[...]
</properties>
  <testcase time="0" classname="RandomizedQueueTest" name="enqeueueAndSampleDoesNotRemoveItem"/>
  <testcase time="0" classname="RandomizedQueueTest" name="removeInIteratorThrowsError"/>
  <testcase time="0" classname="RandomizedQueueTest" name="enqueueManyTimesIncreasesSize"/>
  <testcase time="0" classname="RandomizedQueueTest" name="enqueuNullThrowsError"/>
  <testcase time="0" classname="RandomizedQueueTest" name="newRandomizedQueueIsEmpty"/>
  <testcase time="0" classname="RandomizedQueueTest" name="dequeueFromEmptyRQThrowsError"/>
  <testcase time="0" classname="RandomizedQueueTest" name="enqueueToEmptyRQIncreasesSizeByOne"/>
  <testcase time="0" classname="RandomizedQueueTest" name="sampleFromEmptyRQThrowsError"/>
  <testcase time="0" classname="RandomizedQueueTest" name="addAndRemoveToEmptyRQChangesNothing"/>
  <testcase time="0" classname="RandomizedQueueTest" name="nextInExhaustedIteratorThrowsError"/>
</testsuite>