<?xml version="1.0" encoding="UTF-8" ?>
<testsuite failures="0" time="0.006" errors="0" skipped="0" tests="17" name="DequeTest">
  <properties>
[...]
</properties>
  <testcase time="0.002" classname="DequeTest" name="removeFirstFromEmptyDequeThrowsError"/>
  <testcase time="0.001" classname="DequeTest" name="iteratorCyclesThroughMixedAddConstructedStack"/>
  <testcase time="0" classname="DequeTest" name="itemsReturnInCorrectOrderAddingFirstRF"/>
  <testcase time="0" classname="DequeTest" name="itemsReturnInCorrectOrderAddingFirstRL"/>
  <testcase time="0" classname="DequeTest" name="iteratorCyclesThroughAddFirstConstructedStack"/>
  <testcase time="0" classname="DequeTest" name="newDequeIsEmpty"/>
  <testcase time="0.001" classname="DequeTest" name="removeInIteratorThrowsError"/>
  <testcase time="0" classname="DequeTest" name="addLastToEmptyDequeIncreasesSizeByOne"/>
  <testcase time="0" classname="DequeTest" name="addLastManyTimesIncreasesSize"/>
  <testcase time="0.001" classname="DequeTest" name="addFirstManyTimesIncreasesSize"/>
  <testcase time="0" classname="DequeTest" name="removeLastFromEmptyDequeThrowsError"/>
  <testcase time="0" classname="DequeTest" name="addAndRemoveToEmptyDequeChangesNothing"/>
  <testcase time="0.001" classname="DequeTest" name="iteratorCyclesThroughAddLastConstructedStack"/>
  <testcase time="0" classname="DequeTest" name="addFirstNullThrowsError"/>
  <testcase time="0" classname="DequeTest" name="addLastNullThrowsError"/>
  <testcase time="0" classname="DequeTest" name="addFirstToEmptyDequeIncreasesSizeByOne"/>
  <testcase time="0" classname="DequeTest" name="nextInExhaustedIteratorThrowsError"/>
</testsuite>